<?xml version="1.0" encoding="UTF-8"?>
<testsuite name="ch.appuio.techlab.Springboots2idemoApplicationTests" tests="1" skipped="0" failures="0" errors="0" timestamp="2023-08-05T10:45:05" hostname="Mayur-laptop" time="0.649">
  <properties/>
  <testcase name="contextLoads" classname="ch.appuio.techlab.Springboots2idemoApplicationTests" time="0.649"/>
  <system-out><![CDATA[16:14:57.043 [Test worker] INFO org.springframework.test.context.support.AnnotationConfigContextLoaderUtils -- Could not detect default configuration classes for test class [ch.appuio.techlab.Springboots2idemoApplicationTests]: Springboots2idemoApplicationTests does not declare any static, non-private, non-final, nested classes annotated with @Configuration.
16:14:57.221 [Test worker] INFO org.springframework.boot.test.context.SpringBootTestContextBootstrapper -- Found @SpringBootConfiguration ch.appuio.techlab.Springboots2idemoApplication for test class ch.appuio.techlab.Springboots2idemoApplicationTests

  .   ____          _            __ _ _
 /\\ / ___'_ __ _ _(_)_ __  __ _ \ \ \ \
( ( )\___ | '_ | '_| | '_ \/ _` | \ \ \ \
 \\/  ___)| |_)| | | | | || (_| |  ) ) ) )
  '  |____| .__|_| |_|_| |_\__, | / / / /
 =========|_|==============|___/=/_/_/_/
 :: Spring Boot ::                (v3.1.2)

2023-08-05T16:14:57.929+05:30  INFO 11514 --- [    Test worker] c.a.t.Springboots2idemoApplicationTests  : Starting Springboots2idemoApplicationTests using Java 17.0.8 with PID 11514 (started by mayur in /home/mayur/my_git/example-spring-boot-helloworld)
2023-08-05T16:14:57.933+05:30  INFO 11514 --- [    Test worker] c.a.t.Springboots2idemoApplicationTests  : No active profile set, falling back to 1 default profile: "default"
2023-08-05T16:14:59.730+05:30  INFO 11514 --- [    Test worker] .s.d.r.c.RepositoryConfigurationDelegate : Bootstrapping Spring Data JPA repositories in DEFAULT mode.
2023-08-05T16:14:59.808+05:30  INFO 11514 --- [    Test worker] .s.d.r.c.RepositoryConfigurationDelegate : Finished Spring Data repository scanning in 65 ms. Found 1 JPA repository interfaces.
2023-08-05T16:15:00.341+05:30  INFO 11514 --- [    Test worker] com.zaxxer.hikari.HikariDataSource       : HikariPool-1 - Starting...
2023-08-05T16:15:00.603+05:30  INFO 11514 --- [    Test worker] com.zaxxer.hikari.pool.HikariPool        : HikariPool-1 - Added connection conn0: url=jdbc:h2:mem:f51f8090-388a-4ab0-85b2-423e29d9522b user=SA
2023-08-05T16:15:00.605+05:30  INFO 11514 --- [    Test worker] com.zaxxer.hikari.HikariDataSource       : HikariPool-1 - Start completed.
2023-08-05T16:15:00.693+05:30  INFO 11514 --- [    Test worker] liquibase.database                       : Set default schema name to PUBLIC
2023-08-05T16:15:01.824+05:30  INFO 11514 --- [    Test worker] liquibase.executor                       : Changelog query completed.
2023-08-05T16:15:01.829+05:30  INFO 11514 --- [    Test worker] liquibase.executor                       : Changelog query completed.
2023-08-05T16:15:01.836+05:30  INFO 11514 --- [    Test worker] liquibase.executor                       : Changelog query completed.
2023-08-05T16:15:01.840+05:30  INFO 11514 --- [    Test worker] liquibase.executor                       : Changelog query completed.
2023-08-05T16:15:01.847+05:30  INFO 11514 --- [    Test worker] liquibase.executor                       : Changelog query completed.
2023-08-05T16:15:01.847+05:30  INFO 11514 --- [    Test worker] liquibase.lockservice                    : Successfully acquired change log lock
2023-08-05T16:15:01.863+05:30  INFO 11514 --- [    Test worker] liquibase.changelog                      : Creating database history table with name: PUBLIC.DATABASECHANGELOG
2023-08-05T16:15:01.872+05:30  INFO 11514 --- [    Test worker] liquibase.executor                       : Changelog query completed.
2023-08-05T16:15:01.874+05:30  INFO 11514 --- [    Test worker] liquibase.changelog                      : Reading from PUBLIC.DATABASECHANGELOG
2023-08-05T16:15:01.878+05:30  INFO 11514 --- [    Test worker] liquibase.executor                       : Changelog query completed.
2023-08-05T16:15:01.880+05:30  INFO 11514 --- [    Test worker] liquibase.executor                       : Changelog query completed.
Running Changeset: db/changelog/db.changelog-master.xml::1-createTableHello::appuio
2023-08-05T16:15:01.949+05:30  INFO 11514 --- [    Test worker] liquibase.changelog                      : Table hello created
2023-08-05T16:15:01.951+05:30  INFO 11514 --- [    Test worker] liquibase.changelog                      : ChangeSet db/changelog/db.changelog-master.xml::1-createTableHello::appuio ran successfully in 15ms
2023-08-05T16:15:01.956+05:30  INFO 11514 --- [    Test worker] liquibase.executor                       : Changelog query completed.
2023-08-05T16:15:01.958+05:30  INFO 11514 --- [    Test worker] liquibase.executor                       : Changelog query completed.
2023-08-05T16:15:01.960+05:30  INFO 11514 --- [    Test worker] liquibase                                : Update command completed successfully.
2023-08-05T16:15:01.964+05:30  INFO 11514 --- [    Test worker] liquibase.executor                       : Changelog query completed.
2023-08-05T16:15:01.964+05:30  INFO 11514 --- [    Test worker] liquibase.lockservice                    : Successfully released change log lock
2023-08-05T16:15:02.092+05:30  INFO 11514 --- [    Test worker] o.hibernate.jpa.internal.util.LogHelper  : HHH000204: Processing PersistenceUnitInfo [name: default]
2023-08-05T16:15:02.146+05:30  INFO 11514 --- [    Test worker] org.hibernate.Version                    : HHH000412: Hibernate ORM core version 6.2.6.Final
2023-08-05T16:15:02.148+05:30  INFO 11514 --- [    Test worker] org.hibernate.cfg.Environment            : HHH000406: Using bytecode reflection optimizer
2023-08-05T16:15:02.336+05:30  INFO 11514 --- [    Test worker] o.h.b.i.BytecodeProviderInitiator        : HHH000021: Bytecode provider name : bytebuddy
2023-08-05T16:15:02.483+05:30  INFO 11514 --- [    Test worker] o.s.o.j.p.SpringPersistenceUnitInfo      : No LoadTimeWeaver setup: ignoring JPA class transformer
2023-08-05T16:15:02.744+05:30  INFO 11514 --- [    Test worker] o.h.b.i.BytecodeProviderInitiator        : HHH000021: Bytecode provider name : bytebuddy
2023-08-05T16:15:03.522+05:30  INFO 11514 --- [    Test worker] o.h.e.t.j.p.i.JtaPlatformInitiator       : HHH000490: Using JtaPlatform implementation: [org.hibernate.engine.transaction.jta.platform.internal.NoJtaPlatform]
2023-08-05T16:15:03.526+05:30  INFO 11514 --- [    Test worker] j.LocalContainerEntityManagerFactoryBean : Initialized JPA EntityManagerFactory for persistence unit 'default'
2023-08-05T16:15:04.264+05:30  WARN 11514 --- [    Test worker] JpaBaseConfiguration$JpaWebConfiguration : spring.jpa.open-in-view is enabled by default. Therefore, database queries may be performed during view rendering. Explicitly configure spring.jpa.open-in-view to disable this warning
2023-08-05T16:15:04.577+05:30  INFO 11514 --- [    Test worker] o.s.b.a.w.s.WelcomePageHandlerMapping    : Adding welcome page: class path resource [static/index.html]
2023-08-05T16:15:05.241+05:30  INFO 11514 --- [    Test worker] c.a.t.Springboots2idemoApplicationTests  : Started Springboots2idemoApplicationTests in 7.73 seconds (process running for 9.671)
]]></system-out>
  <system-err><![CDATA[]]></system-err>
</testsuite>
