<?xml version="1.0" encoding="UTF-8"?>
<testsuite name="ch.appuio.techlab.controller.PodRestControllerTest" tests="1" skipped="0" failures="0" errors="0" timestamp="2023-08-05T10:45:05" hostname="Mayur-laptop" time="0.003">
  <properties/>
  <testcase name="getPodDescription" classname="ch.appuio.techlab.controller.PodRestControllerTest" time="0.003"/>
  <system-out><![CDATA[]]></system-out>
  <system-err><![CDATA[]]></system-err>
</testsuite>
